#
# A fatal error has been detected by the Java Runtime Environment:
#
#  SIGSEGV (0xb) at pc=0x00007fff8e6c54dd, pid=2108, tid=2571
#
# JRE version: Java(TM) SE Runtime Environment (7.0_79-b15) (build 1.7.0_79-b15)
# Java VM: Java HotSpot(TM) 64-Bit Server VM (24.79-b02 mixed mode bsd-amd64 compressed oops)
# Problematic frame:
# C  [libobjc.A.dylib+0x14dd]  objc_msgSend+0x1d
#
# Failed to write core dump. Core dumps have been disabled. To enable core dumping, try "ulimit -c unlimited" before starting Java again
#
# If you would like to submit a bug report, please visit:
#   http://bugreport.java.com/bugreport/crash.jsp
# The crash happened outside the Java Virtual Machine in native code.
# See problematic frame for where to report the bug.
#

---------------  T H R E A D  ---------------

Current thread (0x00007ff90b8f2000):  JavaThread "AppKit Thread" daemon [_thread_in_native, id=2571, stack(0x00007fff5a0ac000,0x00007fff5a8ac000)]

siginfo:si_signo=SIGSEGV: si_errno=0, si_code=1 (SEGV_MAPERR), si_addr=0x0000000000000018

Registers:
RAX=0x00007ff90b490360, RBX=0x00007fff5a8a5e08, RCX=0x00007ff90b65fc28, RDX=0x00007ff90b65e250
RSP=0x00007fff5a8a5dc8, RBP=0x00007fff5a8a5dd0, RSI=0x00007fff9b50b84a, RDI=0x00007ff90b490360
R8 =0x000000000000001f, R9 =0x00007ff90b659600, R10=0x00007fff9b50b84a, R11=0x0000000000000000
R12=0x00007ff90b65e250, R13=0x00007ff90b659600, R14=0x00007ff90b65fc20, R15=0x0000000000000000
RIP=0x00007fff8e6c54dd, EFLAGS=0x0000000000010246, ERR=0x0000000000000004
  TRAPNO=0x000000000000000e

Top of Stack: (sp=0x00007fff5a8a5dc8)
0x00007fff5a8a5dc8:   00007fff98e0bbbc 00007fff5a8a5df0
0x00007fff5a8a5dd8:   00007fff98e0bb4f 0000000000000000
0x00007fff5a8a5de8:   0000000000000000 00007fff5a8a5e60
0x00007fff5a8a5df8:   00007fff98e0bac7 00007fff5a8a5e30
0x00007fff5a8a5e08:   00007fff7d2130a0 0000000042000000
0x00007fff5a8a5e18:   00007fff98e0bb10 00007fff7c879720
0x00007fff5a8a5e28:   00007ff90b659600 00007ff90b65e250
0x00007fff5a8a5e38:   00007fff5a8a6608 00007fff7c9a6780
0x00007fff5a8a5e48:   00007fff5a8a6608 00007ff90b659600
0x00007fff5a8a5e58:   00007fff991cb9e2 00007fff5a8a5ea0
0x00007fff5a8a5e68:   00007fff98e0b832 00007fff5a8a6480
0x00007fff5a8a5e78:   0000000000000001 00007fff7c9a6780
0x00007fff5a8a5e88:   00007fff5a8a6608 00007fff8e6c54c0
0x00007fff5a8a5e98:   00007fff991cb9e2 00007fff5a8a65b0
0x00007fff5a8a5ea8:   00007fff98dc85e2 00007fff5a8a6380
0x00007fff5a8a5eb8:   00007fff98db5d11 000000010536e000
0x00007fff5a8a5ec8:   00007ff90b514560 00007ff90c0000a8
0x00007fff5a8a5ed8:   00007ff90b49de80 0000000000000000
0x00007fff5a8a5ee8:   0000000000000000 0000000000000000
0x00007fff5a8a5ef8:   00007ff90b49ec10 00007fff7c8b6bc0
0x00007fff5a8a5f08:   00007fff5a8a6480 0000000000000002
0x00007fff5a8a5f18:   0000000000000100 0000000008000100
0x00007fff5a8a5f28:   00007fff5a8a6380 0000000000000000
0x00007fff5a8a5f38:   0000000000000100 0000000000000000
0x00007fff5a8a5f48:   00007fff7c9a6780 0000000000000000
0x00007fff5a8a5f58:   00007fff7c87a500 00007fff7c9a6780
0x00007fff5a8a5f68:   0000000000000000 00007fff7c87a500
0x00007fff5a8a5f78:   00007ff90b642010 0000000000000400
0x00007fff5a8a5f88:   00007fff79cbee80 00007fff5a8a6000
0x00007fff5a8a5f98:   00007fff8e6cd310 00007ff90b600000
0x00007fff5a8a5fa8:   00007fff79cbf290 000000010b6fc080
0x00007fff5a8a5fb8:   00007ff90b662b80 ffff8006f27df320 

Instructions: (pc=0x00007fff8e6c54dd)
0x00007fff8e6c54bd:   44 00 00 48 85 ff 2e 74 62 40 f6 c7 01 2e 75 66
0x00007fff8e6c54cd:   49 bb f8 ff ff ff ff 7f 00 00 4c 23 1f 49 89 f2
0x00007fff8e6c54dd:   45 23 53 18 49 c1 e2 04 4d 03 53 10 49 3b 32 75
0x00007fff8e6c54ed:   04 41 ff 62 08 49 83 3a 01 76 0d 49 83 c2 10 49 

Register to memory mapping:

RAX=0x00007ff90b490360 is an unknown value
RBX=0x00007fff5a8a5e08 is pointing into the stack for thread: 0x00007ff90b8f2000
RCX=0x00007ff90b65fc28 is an unknown value
RDX=0x00007ff90b65e250 is an unknown value
RSP=0x00007fff5a8a5dc8 is pointing into the stack for thread: 0x00007ff90b8f2000
RBP=0x00007fff5a8a5dd0 is pointing into the stack for thread: 0x00007ff90b8f2000
RSI=0x00007fff9b50b84a: -[NSTitlebarContainerView transparent]+0x63088 in /System/Library/Frameworks/AppKit.framework/Versions/C/AppKit at 0x00007fff9aa7e000
RDI=0x00007ff90b490360 is an unknown value
R8 =0x000000000000001f is an unknown value
R9 =0x00007ff90b659600 is an unknown value
R10=0x00007fff9b50b84a: -[NSTitlebarContainerView transparent]+0x63088 in /System/Library/Frameworks/AppKit.framework/Versions/C/AppKit at 0x00007fff9aa7e000
R11=0x0000000000000000 is an unknown value
R12=0x00007ff90b65e250 is an unknown value
R13=0x00007ff90b659600 is an unknown value
R14=0x00007ff90b65fc20 is an unknown value
R15=0x0000000000000000 is an unknown value


Stack: [0x00007fff5a0ac000,0x00007fff5a8ac000],  sp=0x00007fff5a8a5dc8,  free space=8167k
Native frames: (J=compiled Java code, j=interpreted, Vv=VM code, C=native code)
C  [libobjc.A.dylib+0x14dd]  objc_msgSend+0x1d
C  [CoreFoundation+0xa0b4f]  ___CFXRegistrationPost_block_invoke+0x3f
C  [CoreFoundation+0xa0ac7]  _CFXRegistrationPost+0x197
C  [CoreFoundation+0xa0832]  ___CFXNotificationPost_block_invoke+0x32
C  [CoreFoundation+0x5d5e2]  -[_CFXNotificationRegistrar find:object:observer:enumerator:]+0x782
C  [CoreFoundation+0x5c835]  _CFXNotificationPost+0x2b5
C  [Foundation+0x6fda]  -[NSNotificationCenter postNotificationName:object:userInfo:]+0x42
C  [AppKit+0x265372]  -[NSSurface _disposeSurface]+0xa9
C  [AppKit+0x264dcb]  -[NSSurface setWindow:]+0x42
C  [AppKit+0x28cab]  -[NSView _setWindow:]+0x9be
C  [AppKit+0x2ba97]  -[NSView removeFromSuperview]+0x1d7
C  [AppKit+0x155d7f]  -[NSView removeFromSuperviewWithoutNeedingDisplay]+0x26
C  [liblwjgl.dylib+0xa205]  +[MacOSXKeyableWindow destroyWindow]+0xb5
C  [Foundation+0x76f5e]  __NSThreadPerformPerform+0x117
C  [CoreFoundation+0xaa881]  __CFRUNLOOP_IS_CALLING_OUT_TO_A_SOURCE0_PERFORM_FUNCTION__+0x11
C  [CoreFoundation+0x89fbc]  __CFRunLoopDoSources0+0x22c
C  [CoreFoundation+0x894df]  __CFRunLoopRun+0x39f
C  [CoreFoundation+0x88ed8]  CFRunLoopRunSpecific+0x128
C  [HIToolbox+0x30935]  RunCurrentEventLoopInMode+0xeb
C  [HIToolbox+0x3076f]  ReceiveNextEventCommon+0x1b0
C  [HIToolbox+0x305af]  _BlockUntilNextEventMatchingListInModeWithFilter+0x47
C  [AppKit+0x48efa]  _DPSNextEvent+0x42b
C  [AppKit+0x4832a]  -[NSApplication _nextEventMatchingEventMask:untilDate:inMode:dequeue:]+0x1c6
C  [libosxapp.dylib+0x24e3]  -[NSApplicationAWT nextEventMatchingMask:untilDate:inMode:dequeue:]+0x7c
C  [AppKit+0x3ce84]  -[NSApplication run]+0x2aa
C  [libosxapp.dylib+0x2346]  +[NSApplicationAWT runAWTLoopWithApp:]+0x9c
C  [liblwawt.dylib+0xe17d]  -[AWTStarter starter:]+0x369
C  [Foundation+0x76f5e]  __NSThreadPerformPerform+0x117
C  [CoreFoundation+0xaa881]  __CFRUNLOOP_IS_CALLING_OUT_TO_A_SOURCE0_PERFORM_FUNCTION__+0x11
C  [CoreFoundation+0x89fbc]  __CFRunLoopDoSources0+0x22c
C  [CoreFoundation+0x894df]  __CFRunLoopRun+0x39f
C  [CoreFoundation+0x88ed8]  CFRunLoopRunSpecific+0x128
C  [java+0x73b0]  CreateExecutionEnvironment+0x367
C  [java+0x1b5c]  JLI_Launch+0x7a0
C  [java+0x770d]  main+0x65
C  [java+0x13b4]  start+0x34


---------------  P R O C E S S  ---------------

Java Threads: ( => current thread )
  0x00007ff90e0bc000 JavaThread "AWT-Shutdown" [_thread_blocked, id=32215, stack(0x00007000013d3000,0x00007000014d3000)]
  0x00007ff90b810800 JavaThread "DestroyJavaVM" [_thread_blocked, id=5891, stack(0x000070000011a000,0x000070000021a000)]
  0x00007ff90b957800 JavaThread "LWJGL Application" [_thread_in_native, id=77571, stack(0x0000700001971000,0x0000700001a71000)]
=>0x00007ff90b8f2000 JavaThread "AppKit Thread" daemon [_thread_in_native, id=2571, stack(0x00007fff5a0ac000,0x00007fff5a8ac000)]
  0x00007ff90b87f800 JavaThread "Monitor Ctrl-Break" daemon [_thread_in_native, id=20995, stack(0x00007000012d0000,0x00007000013d0000)]
  0x00007ff90b808800 JavaThread "Service Thread" daemon [_thread_blocked, id=19971, stack(0x00007000010ca000,0x00007000011ca000)]
  0x00007ff90e81e800 JavaThread "C2 CompilerThread1" daemon [_thread_blocked, id=19459, stack(0x0000700000fc7000,0x00007000010c7000)]
  0x00007ff90e814000 JavaThread "C2 CompilerThread0" daemon [_thread_blocked, id=18947, stack(0x0000700000ec4000,0x0000700000fc4000)]
  0x00007ff90c031000 JavaThread "Signal Dispatcher" daemon [_thread_blocked, id=14863, stack(0x0000700000dc1000,0x0000700000ec1000)]
  0x00007ff90c02c800 JavaThread "Finalizer" daemon [_thread_blocked, id=14339, stack(0x0000700000c3b000,0x0000700000d3b000)]
  0x00007ff90e805800 JavaThread "Reference Handler" daemon [_thread_blocked, id=13827, stack(0x0000700000b38000,0x0000700000c38000)]

Other Threads:
  0x00007ff90e007800 VMThread [stack: 0x0000700000a35000,0x0000700000b35000] [id=13315]
  0x00007ff90b833800 WatcherThread [stack: 0x00007000011cd000,0x00007000012cd000] [id=20483]

VM state:not at safepoint (normal execution)

VM Mutex/Monitor currently owned by a thread: None

Heap
 PSYoungGen      total 38912K, used 16302K [0x00000007d5500000, 0x00000007d8000000, 0x0000000800000000)
  eden space 33792K, 48% used [0x00000007d5500000,0x00000007d64eb940,0x00000007d7600000)
  from space 5120K, 0% used [0x00000007d7b00000,0x00000007d7b00000,0x00000007d8000000)
  to   space 5120K, 0% used [0x00000007d7600000,0x00000007d7600000,0x00000007d7b00000)
 ParOldGen       total 87040K, used 0K [0x0000000780000000, 0x0000000785500000, 0x00000007d5500000)
  object space 87040K, 0% used [0x0000000780000000,0x0000000780000000,0x0000000785500000)
 PSPermGen       total 21504K, used 7022K [0x000000077ae00000, 0x000000077c300000, 0x0000000780000000)
  object space 21504K, 32% used [0x000000077ae00000,0x000000077b4db8b0,0x000000077c300000)

Card table byte_map: [0x000000010a153000,0x000000010a57d000] byte_map_base: 0x000000010657c000

Polling page: 0x00000001055e0000

Code Cache  [0x0000000107093000, 0x0000000107303000, 0x000000010a093000)
 total_blobs=467 nmethods=117 adapters=305 free_code_cache=48486Kb largest_free_block=49624960

Compilation events (10 events):
Event: 81.731 Thread 0x00007ff90e814000 nmethod 111 0x0000000107139d50 code [0x0000000107139e80, 0x0000000107139ed8]
Event: 81.731 Thread 0x00007ff90e814000  114             org.lwjgl.MemoryUtil::getAddress (10 bytes)
Event: 81.731 Thread 0x00007ff90e814000 nmethod 114 0x000000010713b410 code [0x000000010713b540, 0x000000010713b5b8]
Event: 81.731 Thread 0x00007ff90e81e800 nmethod 113 0x000000010713b110 code [0x000000010713b260, 0x000000010713b2f8]
Event: 83.966 Thread 0x00007ff90e814000  115             java.util.ArrayList::clear (39 bytes)
Event: 83.967 Thread 0x00007ff90e814000 nmethod 115 0x000000010713ae90 code [0x000000010713afc0, 0x000000010713b078]
Event: 84.700 Thread 0x00007ff90e81e800  116             java.nio.HeapByteBuffer::put (167 bytes)
Event: 84.702 Thread 0x00007ff90e81e800 nmethod 116 0x000000010713a850 code [0x000000010713a9c0, 0x000000010713ac78]
Event: 86.486 Thread 0x00007ff90e814000  117             java.lang.String::startsWith (7 bytes)
Event: 86.488 Thread 0x00007ff90e814000 nmethod 117 0x000000010713a3d0 code [0x000000010713a520, 0x000000010713a6f8]

GC Heap History (0 events):
No events

Deoptimization events (0 events):
No events

Internal exceptions (10 events):
Event: 3.565 Thread 0x00007ff90b957800 Threw 0x00000007d63b34b0 at /HUDSON/workspace/7u-2-build-macosx-x86_64/jdk7u79/2331/hotspot/src/share/vm/prims/jvm.cpp:1304
Event: 3.574 Thread 0x00007ff90b957800 Threw 0x00000007d63bd138 at /HUDSON/workspace/7u-2-build-macosx-x86_64/jdk7u79/2331/hotspot/src/share/vm/prims/jvm.cpp:1304
Event: 3.603 Thread 0x00007ff90b957800 Threw 0x00000007d63c4ae0 at /HUDSON/workspace/7u-2-build-macosx-x86_64/jdk7u79/2331/hotspot/src/share/vm/prims/jvm.cpp:1304
Event: 3.616 Thread 0x00007ff90b957800 Threw 0x00000007d63dc2d8 at /HUDSON/workspace/7u-2-build-macosx-x86_64/jdk7u79/2331/hotspot/src/share/vm/prims/jvm.cpp:1304
Event: 3.617 Thread 0x00007ff90b957800 Threw 0x00000007d63e4178 at /HUDSON/workspace/7u-2-build-macosx-x86_64/jdk7u79/2331/hotspot/src/share/vm/prims/jvm.cpp:1304
Event: 5.437 Thread 0x00007ff90b957800 Threw 0x00000007d63ed190 at /HUDSON/workspace/7u-2-build-macosx-x86_64/jdk7u79/2331/hotspot/src/share/vm/prims/jvm.cpp:1304
Event: 5.437 Thread 0x00007ff90b957800 Threw 0x00000007d63f5a50 at /HUDSON/workspace/7u-2-build-macosx-x86_64/jdk7u79/2331/hotspot/src/share/vm/prims/jvm.cpp:1304
Event: 23.918 Thread 0x00007ff90b957800 Threw 0x00000007d640dce8 at /HUDSON/workspace/7u-2-build-macosx-x86_64/jdk7u79/2331/hotspot/src/share/vm/prims/jvm.cpp:1304
Event: 86.486 Thread 0x00007ff90b957800 Threw 0x00000007d6421288 at /HUDSON/workspace/7u-2-build-macosx-x86_64/jdk7u79/2331/hotspot/src/share/vm/prims/jvm.cpp:1304
Event: 86.504 Thread 0x00007ff90b957800 Threw 0x00000007d6429a50 at /HUDSON/workspace/7u-2-build-macosx-x86_64/jdk7u79/2331/hotspot/src/share/vm/prims/jvm.cpp:1304

Events (10 events):
Event: 33.343 Thread 0x00007ff90b8a6800 Thread exited: 0x00007ff90b8a6800
Event: 34.387 Thread 0x00007ff90e0bc000 Thread added: 0x00007ff90e0bc000
Event: 37.747 Executing VM operation: RevokeBias
Event: 37.747 Executing VM operation: RevokeBias done
Event: 37.747 Thread 0x00007ff90e0bc000 Thread exited: 0x00007ff90e0bc000
Event: 85.164 Thread 0x00007ff90e0bc000 Thread added: 0x00007ff90e0bc000
Event: 86.486 loading class 0x00007ff90b61f050
Event: 86.486 loading class 0x00007ff90b61f050 done
Event: 86.504 loading class 0x00007ff90b4562b0
Event: 86.504 loading class 0x00007ff90b4562b0 done


Dynamic libraries:
0x00000000091de000 	/System/Library/Frameworks/Cocoa.framework/Versions/A/Cocoa
0x00000000091de000 	/System/Library/Frameworks/Security.framework/Versions/A/Security
0x00000000091de000 	/System/Library/Frameworks/ApplicationServices.framework/Versions/A/ApplicationServices
0x00000000091de000 	/usr/lib/libz.1.dylib
0x00000000091de000 	/usr/lib/libSystem.B.dylib
0x00000000091de000 	/usr/lib/libobjc.A.dylib
0x00000000091de000 	/System/Library/Frameworks/CoreFoundation.framework/Versions/A/CoreFoundation
0x00000000091de000 	/System/Library/Frameworks/Foundation.framework/Versions/C/Foundation
0x00000000091de000 	/System/Library/Frameworks/AppKit.framework/Versions/C/AppKit
0x00000000091de000 	/System/Library/Frameworks/CoreData.framework/Versions/A/CoreData
0x00000000091de000 	/System/Library/PrivateFrameworks/RemoteViewServices.framework/Versions/A/RemoteViewServices
0x00000000091de000 	/System/Library/PrivateFrameworks/UIFoundation.framework/Versions/A/UIFoundation
0x00000000091de000 	/usr/lib/libScreenReader.dylib
0x00000000091de000 	/System/Library/Frameworks/Accelerate.framework/Versions/A/Accelerate
0x00000000091de000 	/System/Library/Frameworks/IOSurface.framework/Versions/A/IOSurface
0x00000000091de000 	/System/Library/Frameworks/AudioToolbox.framework/Versions/A/AudioToolbox
0x00000000091de000 	/System/Library/Frameworks/AudioUnit.framework/Versions/A/AudioUnit
0x00000000091de000 	/System/Library/PrivateFrameworks/DataDetectorsCore.framework/Versions/A/DataDetectorsCore
0x00000000091de000 	/System/Library/PrivateFrameworks/DesktopServicesPriv.framework/Versions/A/DesktopServicesPriv
0x00000000091de000 	/System/Library/Frameworks/Carbon.framework/Versions/A/Frameworks/HIToolbox.framework/Versions/A/HIToolbox
0x00000000091de000 	/System/Library/Frameworks/QuartzCore.framework/Versions/A/QuartzCore
0x00000000091de000 	/System/Library/Frameworks/Carbon.framework/Versions/A/Frameworks/SpeechRecognition.framework/Versions/A/SpeechRecognition
0x00000000091de000 	/usr/lib/libauto.dylib
0x00000000091de000 	/usr/lib/libicucore.A.dylib
0x00000000091de000 	/usr/lib/libxml2.2.dylib
0x00000000091de000 	/System/Library/PrivateFrameworks/CoreUI.framework/Versions/A/CoreUI
0x00000000091de000 	/System/Library/Frameworks/CoreAudio.framework/Versions/A/CoreAudio
0x00000000091de000 	/System/Library/Frameworks/DiskArbitration.framework/Versions/A/DiskArbitration
0x00000000091de000 	/usr/lib/liblangid.dylib
0x00000000091de000 	/System/Library/PrivateFrameworks/MultitouchSupport.framework/Versions/A/MultitouchSupport
0x00000000091de000 	/System/Library/Frameworks/IOKit.framework/Versions/A/IOKit
0x00000000091de000 	/usr/lib/libDiagnosticMessagesClient.dylib
0x00000000091de000 	/System/Library/Frameworks/CoreServices.framework/Versions/A/CoreServices
0x00000000091de000 	/System/Library/PrivateFrameworks/PerformanceAnalysis.framework/Versions/A/PerformanceAnalysis
0x00000000091de000 	/System/Library/PrivateFrameworks/GenerationalStorage.framework/Versions/A/GenerationalStorage
0x00000000091de000 	/System/Library/Frameworks/OpenGL.framework/Versions/A/OpenGL
0x00000000091de000 	/System/Library/PrivateFrameworks/Sharing.framework/Versions/A/Sharing
0x00000000091de000 	/System/Library/Frameworks/CoreGraphics.framework/Versions/A/CoreGraphics
0x00000000091de000 	/System/Library/Frameworks/CoreImage.framework/Versions/A/CoreImage
0x00000000091de000 	/System/Library/Frameworks/CoreText.framework/Versions/A/CoreText
0x00000000091de000 	/System/Library/Frameworks/ImageIO.framework/Versions/A/ImageIO
0x00000000091de000 	/System/Library/PrivateFrameworks/Backup.framework/Versions/A/Backup
0x00000000091de000 	/usr/lib/libextension.dylib
0x00000000091de000 	/usr/lib/libarchive.2.dylib
0x00000000091de000 	/System/Library/Frameworks/CFNetwork.framework/Versions/A/CFNetwork
0x00000000091de000 	/System/Library/Frameworks/SystemConfiguration.framework/Versions/A/SystemConfiguration
0x00000000091de000 	/usr/lib/libCRFSuite.dylib
0x00000000091de000 	/usr/lib/libc++.1.dylib
0x00000000091de000 	/usr/lib/libc++abi.dylib
0x00000000091de000 	/usr/lib/system/libcache.dylib
0x00000000091de000 	/usr/lib/system/libcommonCrypto.dylib
0x00000000091de000 	/usr/lib/system/libcompiler_rt.dylib
0x00000000091de000 	/usr/lib/system/libcopyfile.dylib
0x00000000091de000 	/usr/lib/system/libcorecrypto.dylib
0x00000000091de000 	/usr/lib/system/libdispatch.dylib
0x00000000091de000 	/usr/lib/system/libdyld.dylib
0x00000000091de000 	/usr/lib/system/libkeymgr.dylib
0x00000000091de000 	/usr/lib/system/liblaunch.dylib
0x00000000091de000 	/usr/lib/system/libmacho.dylib
0x00000000091de000 	/usr/lib/system/libquarantine.dylib
0x00000000091de000 	/usr/lib/system/libremovefile.dylib
0x00000000091de000 	/usr/lib/system/libsystem_asl.dylib
0x00000000091de000 	/usr/lib/system/libsystem_blocks.dylib
0x00000000091de000 	/usr/lib/system/libsystem_c.dylib
0x00000000091de000 	/usr/lib/system/libsystem_configuration.dylib
0x00000000091de000 	/usr/lib/system/libsystem_coreservices.dylib
0x00000000091de000 	/usr/lib/system/libsystem_coretls.dylib
0x00000000091de000 	/usr/lib/system/libsystem_dnssd.dylib
0x00000000091de000 	/usr/lib/system/libsystem_info.dylib
0x00000000091de000 	/usr/lib/system/libsystem_kernel.dylib
0x00000000091de000 	/usr/lib/system/libsystem_m.dylib
0x00000000091de000 	/usr/lib/system/libsystem_malloc.dylib
0x00000000091de000 	/usr/lib/system/libsystem_network.dylib
0x00000000091de000 	/usr/lib/system/libsystem_networkextension.dylib
0x00000000091de000 	/usr/lib/system/libsystem_notify.dylib
0x00000000091de000 	/usr/lib/system/libsystem_platform.dylib
0x00000000091de000 	/usr/lib/system/libsystem_pthread.dylib
0x00000000091de000 	/usr/lib/system/libsystem_sandbox.dylib
0x00000000091de000 	/usr/lib/system/libsystem_secinit.dylib
0x00000000091de000 	/usr/lib/system/libsystem_trace.dylib
0x00000000091de000 	/usr/lib/system/libunc.dylib
0x00000000091de000 	/usr/lib/system/libunwind.dylib
0x00000000091de000 	/usr/lib/system/libxpc.dylib
0x00000000091de000 	/usr/lib/libenergytrace.dylib
0x00000000091de000 	/usr/lib/libbsm.0.dylib
0x00000000091de000 	/usr/lib/system/libkxld.dylib
0x00000000091de000 	/usr/lib/libxar.1.dylib
0x00000000091de000 	/usr/lib/libsqlite3.dylib
0x00000000091de000 	/usr/lib/libpam.2.dylib
0x00000000091de000 	/usr/lib/libOpenScriptingUtil.dylib
0x00000000091de000 	/usr/lib/libbz2.1.0.dylib
0x00000000091de000 	/usr/lib/liblzma.5.dylib
0x00000000091de000 	/System/Library/Frameworks/CoreServices.framework/Versions/A/Frameworks/FSEvents.framework/Versions/A/FSEvents
0x00000000091de000 	/System/Library/Frameworks/CoreServices.framework/Versions/A/Frameworks/CarbonCore.framework/Versions/A/CarbonCore
0x00000000091de000 	/System/Library/Frameworks/CoreServices.framework/Versions/A/Frameworks/Metadata.framework/Versions/A/Metadata
0x00000000091de000 	/System/Library/Frameworks/CoreServices.framework/Versions/A/Frameworks/OSServices.framework/Versions/A/OSServices
0x00000000091de000 	/System/Library/Frameworks/CoreServices.framework/Versions/A/Frameworks/SearchKit.framework/Versions/A/SearchKit
0x00000000091de000 	/System/Library/Frameworks/CoreServices.framework/Versions/A/Frameworks/AE.framework/Versions/A/AE
0x00000000091de000 	/System/Library/Frameworks/CoreServices.framework/Versions/A/Frameworks/LaunchServices.framework/Versions/A/LaunchServices
0x00000000091de000 	/System/Library/Frameworks/CoreServices.framework/Versions/A/Frameworks/DictionaryServices.framework/Versions/A/DictionaryServices
0x00000000091de000 	/System/Library/Frameworks/CoreServices.framework/Versions/A/Frameworks/SharedFileList.framework/Versions/A/SharedFileList
0x00000000091de000 	/System/Library/Frameworks/NetFS.framework/Versions/A/NetFS
0x00000000091de000 	/System/Library/PrivateFrameworks/NetAuth.framework/Versions/A/NetAuth
0x00000000091de000 	/System/Library/PrivateFrameworks/login.framework/Versions/A/Frameworks/loginsupport.framework/Versions/A/loginsupport
0x00000000091de000 	/System/Library/PrivateFrameworks/TCC.framework/Versions/A/TCC
0x00000000091de000 	/usr/lib/libmecabra.dylib
0x00000000091de000 	/System/Library/Frameworks/ApplicationServices.framework/Versions/A/Frameworks/ATS.framework/Versions/A/ATS
0x00000000091de000 	/System/Library/Frameworks/ApplicationServices.framework/Versions/A/Frameworks/ColorSync.framework/Versions/A/ColorSync
0x00000000091de000 	/System/Library/Frameworks/ApplicationServices.framework/Versions/A/Frameworks/HIServices.framework/Versions/A/HIServices
0x00000000091de000 	/System/Library/Frameworks/ApplicationServices.framework/Versions/A/Frameworks/LangAnalysis.framework/Versions/A/LangAnalysis
0x00000000091de000 	/System/Library/Frameworks/ApplicationServices.framework/Versions/A/Frameworks/PrintCore.framework/Versions/A/PrintCore
0x00000000091de000 	/System/Library/Frameworks/ApplicationServices.framework/Versions/A/Frameworks/QD.framework/Versions/A/QD
0x00000000091de000 	/System/Library/Frameworks/ApplicationServices.framework/Versions/A/Frameworks/SpeechSynthesis.framework/Versions/A/SpeechSynthesis
0x00000000091de000 	/System/Library/Frameworks/Metal.framework/Versions/A/Metal
0x00000000091de000 	/System/Library/Frameworks/Accelerate.framework/Versions/A/Frameworks/vImage.framework/Versions/A/vImage
0x00000000091de000 	/System/Library/Frameworks/Accelerate.framework/Versions/A/Frameworks/vecLib.framework/Versions/A/vecLib
0x00000000091de000 	/System/Library/Frameworks/Accelerate.framework/Versions/A/Frameworks/vecLib.framework/Versions/A/libvDSP.dylib
0x00000000091de000 	/System/Library/Frameworks/Accelerate.framework/Versions/A/Frameworks/vecLib.framework/Versions/A/libvMisc.dylib
0x00000000091de000 	/System/Library/Frameworks/Accelerate.framework/Versions/A/Frameworks/vecLib.framework/Versions/A/libLAPACK.dylib
0x00000000091de000 	/System/Library/Frameworks/Accelerate.framework/Versions/A/Frameworks/vecLib.framework/Versions/A/libBLAS.dylib
0x00000000091de000 	/System/Library/Frameworks/Accelerate.framework/Versions/A/Frameworks/vecLib.framework/Versions/A/libLinearAlgebra.dylib
0x00000000091de000 	/System/Library/Frameworks/Accelerate.framework/Versions/A/Frameworks/vecLib.framework/Versions/A/libSparseBLAS.dylib
0x00000000091de000 	/System/Library/PrivateFrameworks/GPUCompiler.framework/libmetal_timestamp.dylib
0x00000000091de000 	/System/Library/Frameworks/OpenGL.framework/Versions/A/Libraries/libCoreFSCache.dylib
0x00000000091de000 	/System/Library/PrivateFrameworks/IOAccelerator.framework/Versions/A/IOAccelerator
0x00000000091de000 	/System/Library/Frameworks/ApplicationServices.framework/Versions/A/Frameworks/ATS.framework/Versions/A/Resources/libFontParser.dylib
0x00000000091de000 	/System/Library/Frameworks/ApplicationServices.framework/Versions/A/Frameworks/ATS.framework/Versions/A/Resources/libFontRegistry.dylib
0x00000000091de000 	/System/Library/PrivateFrameworks/AppleVPA.framework/Versions/A/AppleVPA
0x00000000091de000 	/System/Library/PrivateFrameworks/AppleJPEG.framework/Versions/A/AppleJPEG
0x00000000091de000 	/System/Library/Frameworks/ImageIO.framework/Versions/A/Resources/libJPEG.dylib
0x00000000091de000 	/System/Library/Frameworks/ImageIO.framework/Versions/A/Resources/libTIFF.dylib
0x00000000091de000 	/System/Library/Frameworks/ImageIO.framework/Versions/A/Resources/libPng.dylib
0x00000000091de000 	/System/Library/Frameworks/ImageIO.framework/Versions/A/Resources/libGIF.dylib
0x00000000091de000 	/System/Library/Frameworks/ImageIO.framework/Versions/A/Resources/libJP2.dylib
0x00000000091de000 	/System/Library/Frameworks/ImageIO.framework/Versions/A/Resources/libRadiance.dylib
0x00000000091de000 	/System/Library/Frameworks/CoreVideo.framework/Versions/A/CoreVideo
0x00000000091de000 	/System/Library/Frameworks/OpenGL.framework/Versions/A/Libraries/libGLU.dylib
0x00000000091de000 	/System/Library/Frameworks/OpenGL.framework/Versions/A/Libraries/libGFXShared.dylib
0x00000000091de000 	/System/Library/Frameworks/OpenGL.framework/Versions/A/Libraries/libGL.dylib
0x00000000091de000 	/System/Library/Frameworks/OpenGL.framework/Versions/A/Libraries/libGLImage.dylib
0x00000000091de000 	/System/Library/Frameworks/OpenGL.framework/Versions/A/Libraries/libCVMSPluginSupport.dylib
0x00000000091de000 	/System/Library/Frameworks/OpenGL.framework/Versions/A/Libraries/libCoreVMClient.dylib
0x00000000091de000 	/usr/lib/libcups.2.dylib
0x00000000091de000 	/System/Library/Frameworks/Kerberos.framework/Versions/A/Kerberos
0x00000000091de000 	/System/Library/Frameworks/GSS.framework/Versions/A/GSS
0x00000000091de000 	/usr/lib/libresolv.9.dylib
0x00000000091de000 	/usr/lib/libiconv.2.dylib
0x00000000091de000 	/System/Library/PrivateFrameworks/Heimdal.framework/Versions/A/Heimdal
0x00000000091de000 	/usr/lib/libheimdal-asn1.dylib
0x00000000091de000 	/System/Library/Frameworks/OpenDirectory.framework/Versions/A/OpenDirectory
0x00000000091de000 	/System/Library/PrivateFrameworks/CommonAuth.framework/Versions/A/CommonAuth
0x00000000091de000 	/System/Library/Frameworks/OpenDirectory.framework/Versions/A/Frameworks/CFOpenDirectory.framework/Versions/A/CFOpenDirectory
0x00000000091de000 	/System/Library/Frameworks/SecurityFoundation.framework/Versions/A/SecurityFoundation
0x00000000091de000 	/System/Library/PrivateFrameworks/LanguageModeling.framework/Versions/A/LanguageModeling
0x00000000091de000 	/usr/lib/libmarisa.dylib
0x00000000091de000 	/usr/lib/libChineseTokenizer.dylib
0x00000000091de000 	/usr/lib/libcmph.dylib
0x00000000091de000 	/usr/lib/libcompression.dylib
0x00000000091de000 	/System/Library/Frameworks/ServiceManagement.framework/Versions/A/ServiceManagement
0x00000000091de000 	/usr/lib/libxslt.1.dylib
0x00000000091de000 	/System/Library/Frameworks/Carbon.framework/Versions/A/Frameworks/Ink.framework/Versions/A/Ink
0x00000000091de000 	/usr/lib/libFosl_dynamic.dylib
0x00000000091de000 	/System/Library/PrivateFrameworks/FaceCore.framework/Versions/A/FaceCore
0x00000000091de000 	/System/Library/Frameworks/OpenCL.framework/Versions/A/OpenCL
0x00000000091de000 	/System/Library/PrivateFrameworks/CrashReporterSupport.framework/Versions/A/CrashReporterSupport
0x00000000091de000 	/System/Library/PrivateFrameworks/IconServices.framework/Versions/A/IconServices
0x00000000091de000 	/System/Library/PrivateFrameworks/Apple80211.framework/Versions/A/Apple80211
0x00000000091de000 	/System/Library/Frameworks/CoreWLAN.framework/Versions/A/CoreWLAN
0x00000000091de000 	/System/Library/Frameworks/IOBluetooth.framework/Versions/A/IOBluetooth
0x00000000091de000 	/System/Library/PrivateFrameworks/CoreWiFi.framework/Versions/A/CoreWiFi
0x00000000091de000 	/System/Library/Frameworks/CoreBluetooth.framework/Versions/A/CoreBluetooth
0x00000000091de000 	/System/Library/PrivateFrameworks/ChunkingLibrary.framework/Versions/A/ChunkingLibrary
0x00000000091de000 	/System/Library/PrivateFrameworks/DebugSymbols.framework/Versions/A/DebugSymbols
0x00000000091de000 	/System/Library/PrivateFrameworks/CoreSymbolication.framework/Versions/A/CoreSymbolication
0x00000000091de000 	/System/Library/PrivateFrameworks/Symbolication.framework/Versions/A/Symbolication
0x00000000091de000 	/System/Library/PrivateFrameworks/SpeechRecognitionCore.framework/Versions/A/SpeechRecognitionCore
0x0000000106600000 	/Library/Java/JavaVirtualMachines/jdk1.7.0_79.jdk/Contents/Home/jre/lib/server/libjvm.dylib
0x00000000091de000 	/usr/lib/libstdc++.6.dylib
0x00000001055d3000 	/Library/Java/JavaVirtualMachines/jdk1.7.0_79.jdk/Contents/Home/jre/lib/libverify.dylib
0x0000000107063000 	/Library/Java/JavaVirtualMachines/jdk1.7.0_79.jdk/Contents/Home/jre/lib/libjava.dylib
0x00000001055ea000 	/Library/Java/JavaVirtualMachines/jdk1.7.0_79.jdk/Contents/Home/jre/lib/libzip.dylib
0x0000000110e6e000 	/System/Library/Frameworks/JavaVM.framework/Frameworks/JavaRuntimeSupport.framework/JavaRuntimeSupport
0x0000000110e89000 	/System/Library/Frameworks/JavaVM.framework/Versions/A/Frameworks/JavaNativeFoundation.framework/Versions/A/JavaNativeFoundation
0x0000000110e9e000 	/System/Library/Frameworks/JavaVM.framework/Versions/A/JavaVM
0x00000000091de000 	/System/Library/Frameworks/Carbon.framework/Versions/A/Carbon
0x00000001055f4000 	/System/Library/PrivateFrameworks/JavaLaunching.framework/Versions/A/JavaLaunching
0x00000000091de000 	/System/Library/Frameworks/Carbon.framework/Versions/A/Frameworks/CommonPanels.framework/Versions/A/CommonPanels
0x00000000091de000 	/System/Library/Frameworks/Carbon.framework/Versions/A/Frameworks/Help.framework/Versions/A/Help
0x00000000091de000 	/System/Library/Frameworks/Carbon.framework/Versions/A/Frameworks/ImageCapture.framework/Versions/A/ImageCapture
0x00000000091de000 	/System/Library/Frameworks/Carbon.framework/Versions/A/Frameworks/OpenScripting.framework/Versions/A/OpenScripting
0x00000000091de000 	/System/Library/Frameworks/Carbon.framework/Versions/A/Frameworks/Print.framework/Versions/A/Print
0x00000000091de000 	/System/Library/Frameworks/Carbon.framework/Versions/A/Frameworks/SecurityHI.framework/Versions/A/SecurityHI
0x00000001129a7000 	/Applications/IntelliJ IDEA.app/Contents/bin/libbreakgen64.jnilib
0x00000001129aa000 	/Library/Java/JavaVirtualMachines/jdk1.7.0_79.jdk/Contents/Home/jre/lib/libnet.dylib
0x0000000112a73000 	/private/var/folders/dy/x6r1yz014vvgzhsxq6nmflg40000gn/T/libgdxdmitrybabenko/ad4da71/libgdx64.dylib
0x0000000112abf000 	/Library/Java/JavaVirtualMachines/jdk1.7.0_79.jdk/Contents/Home/jre/lib/libawt.dylib
0x0000000112b6e000 	/Library/Java/JavaVirtualMachines/jdk1.7.0_79.jdk/Contents/Home/jre/lib/./libmlib_image.dylib
0x0000000112c3a000 	/Library/Java/JavaVirtualMachines/jdk1.7.0_79.jdk/Contents/Home/jre/lib/lwawt/liblwawt.dylib
0x0000000112cf0000 	/Library/Java/JavaVirtualMachines/jdk1.7.0_79.jdk/Contents/Home/jre/lib/libosxapp.dylib
0x00000000091de000 	/System/Library/Frameworks/ExceptionHandling.framework/Versions/A/ExceptionHandling
0x00000000091de000 	/System/Library/PrivateFrameworks/CoreServicesInternal.framework/Versions/A/CoreServicesInternal
0x00000000091de000 	/System/Library/Frameworks/CoreGraphics.framework/Versions/A/Resources/libRIP.A.dylib
0x00000000091de000 	/System/Library/Frameworks/Accelerate.framework/Versions/A/Frameworks/vImage.framework/Versions/A/Libraries/libCGInterfaces.dylib
0x00000000091de000 	/System/Library/Frameworks/CoreGraphics.framework/Versions/A/Resources/libCGXType.A.dylib
0x00000000091de000 	/System/Library/Frameworks/OpenCL.framework/Versions/A/Libraries/libcldcpuengine.dylib
0x00000000091de000 	/System/Library/PrivateFrameworks/DiskImages.framework/Versions/A/DiskImages
0x00000000091de000 	/System/Library/Frameworks/DiscRecording.framework/Versions/A/DiscRecording
0x00000000091de000 	/usr/lib/libcsfde.dylib
0x00000000091de000 	/usr/lib/libcurl.4.dylib
0x00000000091de000 	/System/Library/PrivateFrameworks/MediaKit.framework/Versions/A/MediaKit
0x00000000091de000 	/System/Library/PrivateFrameworks/ProtectedCloudStorage.framework/Versions/A/ProtectedCloudStorage
0x00000000091de000 	/usr/lib/libCoreStorage.dylib
0x00000000091de000 	/System/Library/PrivateFrameworks/EFILogin.framework/Versions/A/EFILogin
0x00000000091de000 	/usr/lib/libutil.dylib
0x00000000091de000 	/System/Library/PrivateFrameworks/FindMyDevice.framework/Versions/A/FindMyDevice
0x00000000091de000 	/System/Library/Frameworks/LDAP.framework/Versions/A/LDAP
0x00000000091de000 	/usr/lib/libsasl2.2.dylib
0x00000000091de000 	/System/Library/PrivateFrameworks/CoreDaemon.framework/Versions/B/CoreDaemon
0x00000000091de000 	/usr/lib/libcrypto.0.9.8.dylib
0x00000000091de000 	/System/Library/PrivateFrameworks/AppleSRP.framework/Versions/A/AppleSRP
0x00000000091de000 	/System/Library/PrivateFrameworks/TrustEvaluationAgent.framework/Versions/A/TrustEvaluationAgent
0x0000000113cc8000 	cl_kernels
0x00000000091de000 	/System/Library/Frameworks/OpenCL.framework/Versions/A/Libraries/ImageFormats/unorm8_bgra.dylib
0x00000000091de000 	/System/Library/Frameworks/OpenCL.framework/Versions/A/Libraries/ImageFormats/unorm8_rgba.dylib
0x00000000091de000 	/System/Library/PrivateFrameworks/FamilyControls.framework/Versions/A/FamilyControls
0x00000000091de000 	/System/Library/PrivateFrameworks/CommerceKit.framework/Versions/A/Frameworks/CommerceCore.framework/Versions/A/CommerceCore
0x00000000091de000 	/System/Library/PrivateFrameworks/SystemAdministration.framework/Versions/A/SystemAdministration
0x00000000091de000 	/System/Library/PrivateFrameworks/AppContainer.framework/Versions/A/AppContainer
0x00000000091de000 	/System/Library/PrivateFrameworks/SecCodeWrapper.framework/Versions/A/SecCodeWrapper
0x00000000091de000 	/System/Library/Frameworks/DirectoryService.framework/Versions/A/DirectoryService
0x00000000091de000 	/System/Library/PrivateFrameworks/LoginUIKit.framework/Versions/A/Frameworks/LoginUICore.framework/Versions/A/LoginUICore
0x00000000091de000 	/usr/lib/libodfde.dylib
0x0000000115c3a000 	/Library/Java/JavaVirtualMachines/jdk1.7.0_79.jdk/Contents/Home/jre/lib/libfontmanager.dylib
0x0000000115ca1000 	/private/var/folders/dy/x6r1yz014vvgzhsxq6nmflg40000gn/T/libgdxdmitrybabenko/f7649394/liblwjgl.dylib
0x000000011383a000 	/Library/Java/JavaVirtualMachines/jdk1.7.0_79.jdk/Contents/Home/jre/lib/libjawt.dylib
0x0000000115d23000 	/var/folders/dy/x6r1yz014vvgzhsxq6nmflg40000gn/T/libgdxdmitrybabenko/f7649394/openal.dylib
0x0000000115d7f000 	/System/Library/Components/CoreAudio.component/Contents/MacOS/CoreAudio
0x0000000113d6d000 	/Library/Audio/Plug-Ins/HAL/EcammAudioLoader.plugin/Contents/MacOS/EcammAudioLoader
0x00000000091de000 	/System/Library/Frameworks/OpenGL.framework/Versions/A/Resources/GLEngine.bundle/GLEngine
0x00000000091de000 	/System/Library/Frameworks/OpenGL.framework/Versions/A/Libraries/libGLProgrammability.dylib
0x0000000115f45000 	/System/Library/Extensions/AMDRadeonX3000GLDriver.bundle/Contents/MacOS/AMDRadeonX3000GLDriver
0x00000000091de000 	/System/Library/PrivateFrameworks/GPUSupport.framework/Versions/A/Libraries/libGPUSupportMercury.dylib
0x0000000116024000 	/System/Library/Extensions/AMDRadeonX3000GLDriver.bundle/Contents/MacOS/ATIRadeonX3000SCLib.dylib
0x00000000091de000 	/System/Library/Frameworks/OpenGL.framework/Versions/A/Resources/GLRendererFloat.bundle/GLRendererFloat

VM Arguments:
jvm_args: -Didea.launcher.port=7582 -Didea.launcher.bin.path=/Applications/IntelliJ IDEA.app/Contents/bin -Dfile.encoding=UTF-8 
java_command: com.intellij.rt.execution.application.AppMain com.blogspot.babenkodmitry.game.desktop.DesktopLauncher
Launcher Type: SUN_STANDARD

Environment Variables:
PATH=/usr/local/bin:/usr/bin:/bin:/usr/sbin:/sbin
SHELL=/bin/bash

Signal Handlers:
SIGSEGV: [libjvm.dylib+0x52daf1], sa_mask[0]=0xfffefeff, sa_flags=0x00000043
SIGBUS: [libjvm.dylib+0x52daf1], sa_mask[0]=0xfffefeff, sa_flags=0x00000042
SIGFPE: [libjvm.dylib+0x41f34e], sa_mask[0]=0xfffefeff, sa_flags=0x00000042
SIGPIPE: [libjvm.dylib+0x41f34e], sa_mask[0]=0xfffefeff, sa_flags=0x00000042
SIGXFSZ: [libjvm.dylib+0x41f34e], sa_mask[0]=0xfffefeff, sa_flags=0x00000042
SIGILL: [libjvm.dylib+0x41f34e], sa_mask[0]=0xfffefeff, sa_flags=0x00000042
SIGUSR1: SIG_DFL, sa_mask[0]=0x00000000, sa_flags=0x00000000
SIGUSR2: [libjvm.dylib+0x41ee40], sa_mask[0]=0x00000004, sa_flags=0x00000042
SIGHUP: [libjvm.dylib+0x41d0d1], sa_mask[0]=0xfffefeff, sa_flags=0x00000042
SIGINT: [libjvm.dylib+0x41d0d1], sa_mask[0]=0xfffefeff, sa_flags=0x00000042
SIGTERM: [libjvm.dylib+0x41d0d1], sa_mask[0]=0xfffefeff, sa_flags=0x00000042
SIGQUIT: [libjvm.dylib+0x41d0d1], sa_mask[0]=0xfffefeff, sa_flags=0x00000042


---------------  S Y S T E M  ---------------

OS:Bsduname:Darwin 15.4.0 Darwin Kernel Version 15.4.0: Fri Feb 26 22:08:05 PST 2016; root:xnu-3248.40.184~3/RELEASE_X86_64 x86_64
rlimit: STACK 8192k, CORE 0k, NPROC 709, NOFILE 10240, AS infinity
load average:1.74 1.56 1.55

CPU:total 8 (4 cores per cpu, 2 threads per core) family 6 model 58 stepping 9, cmov, cx8, fxsr, mmx, sse, sse2, sse3, ssse3, sse4.1, sse4.2, popcnt, avx, aes, erms, ht, tsc, tscinvbit, tscinv

Memory: 4k page, physical 8388608k(2097152k free)

/proc/meminfo:


vm_info: Java HotSpot(TM) 64-Bit Server VM (24.79-b02) for bsd-amd64 JRE (1.7.0_79-b15), built on Apr 10 2015 11:35:04 by "java_re" with gcc 4.2.1 (Based on Apple Inc. build 5658) (LLVM build 2336.11.00)

time: Fri Apr  1 19:57:36 2016
elapsed time: 87 seconds

